La génération a démarré 23/09/2014 16:02:50.
     1>Projet "D:\Git\GitHub\Crypto\Crypto\Crypto\Crypto.vcxproj" sur le nœud 2 (build cible(s)).
     1>InitializeBuildStatus:
         Création de "Debug\Crypto.unsuccessfulbuild", car "AlwaysCreate" a été spécifié.
       ClCompile:
         C:\Program Files (x86)\Microsoft Visual Studio 10.0\VC\bin\CL.exe /c /ZI /nologo /W3 /WX- /Od /Oy- /D WIN32 /D _DEBUG /D _CONSOLE /D _UNICODE /D UNICODE /Gm /EHsc /RTC1 /MDd /GS /fp:precise /Zc:wchar_t /Zc:forScope /Fo"Debug\\" /Fd"Debug\vc100.pdb" /Gd /TP /analyze- /errorReport:prompt ..\chiffreDecalage.cpp
         chiffreDecalage.cpp
     1>d:\git\github\crypto\crypto\chiffredecalage.cpp(24): warning C4018: '<' : incompatibilité signed/unsigned
       ManifestResourceCompile:
         Toutes les sorties sont à jour.
       Link:
         C:\Program Files (x86)\Microsoft Visual Studio 10.0\VC\bin\link.exe /ERRORREPORT:PROMPT /OUT:"D:\Git\GitHub\Crypto\Crypto\Debug\Crypto.exe" /INCREMENTAL /NOLOGO kernel32.lib user32.lib gdi32.lib winspool.lib comdlg32.lib advapi32.lib shell32.lib ole32.lib oleaut32.lib uuid.lib odbc32.lib odbccp32.lib /MANIFEST /ManifestFile:"Debug\Crypto.exe.intermediate.manifest" /MANIFESTUAC:"level='asInvoker' uiAccess='false'" /DEBUG /PDB:"D:\Git\GitHub\Crypto\Crypto\Debug\Crypto.pdb" /SUBSYSTEM:CONSOLE /TLBID:1 /DYNAMICBASE /NXCOMPAT /IMPLIB:"D:\Git\GitHub\Crypto\Crypto\Debug\Crypto.lib" /MACHINE:X86 Debug\Crypto.exe.embed.manifest.res
         Debug\chiffreDecalage.obj
       Manifest:
         C:\Program Files (x86)\Microsoft SDKs\Windows\v7.0A\bin\mt.exe /nologo /verbose /out:"Debug\Crypto.exe.embed.manifest" /manifest Debug\Crypto.exe.intermediate.manifest
         Toutes les sorties sont à jour.
       LinkEmbedManifest:
         Toutes les sorties sont à jour.
         Crypto.vcxproj -> D:\Git\GitHub\Crypto\Crypto\Debug\Crypto.exe
       FinalizeBuildStatus:
         Suppression du fichier "Debug\Crypto.unsuccessfulbuild".
         Mise à jour de l'horodatage "Debug\Crypto.lastbuildstate".
     1>Génération du projet "D:\Git\GitHub\Crypto\Crypto\Crypto\Crypto.vcxproj" terminée (build cible(s)).

La génération a réussi.

Temps écoulé 00:00:00.60
